<?xml version="1.0" encoding="UTF-8"?>
<!-- Generated by org.testng.reporters.JUnitXMLReporter -->
<testsuite ignored="0" hostname="LAPTOP-LVLR9NPK" failures="1" tests="4" name="Test" time="279.71" errors="0" timestamp="2020-05-17T15:58:14 EDT">
  <testcase classname="com.busyqa.test.TestCases.TC01_LoginTest" name="loginTest01" time="116.239"/>
  <testcase classname="com.busyqa.test.TestCases.TC02_LoginTest" name="loginTest02" time="74.819"/>
  <testcase classname="com.busyqa.test.TestCases.TC03_LoginTest" name="loginTest03" time="3.604"/>
  <testcase classname="com.busyqa.test.TestCases.TC04_LoginTest" name="loginTest04" time="0.36">
    <failure type="java.lang.NullPointerException">
      <![CDATA[java.lang.NullPointerException
at com.busyqa.test.excelReader.ExcelReader.getCellData(ExcelReader.java:49)
at com.busyqa.test.TestCases.TC04_LoginTest.loginTest04(TC04_LoginTest.java:53)
at java.base/java.util.ArrayList.forEach(ArrayList.java:1540)
at java.base/java.util.concurrent.FutureTask.run(FutureTask.java:264)
at java.base/java.util.concurrent.ThreadPoolExecutor.runWorker(ThreadPoolExecutor.java:1128)
at java.base/java.util.concurrent.ThreadPoolExecutor$Worker.run(ThreadPoolExecutor.java:628)
at java.base/java.lang.Thread.run(Thread.java:834)
... Removed 18 stack frames]]>
    </failure>
  </testcase> <!-- loginTest04 -->
</testsuite> <!-- Test -->
