<?xml version="1.0" encoding="UTF-8"?>
<testng-results ignored="0" total="4" passed="3" failed="1" skipped="0">
  <reporter-output>
    <line>
      <![CDATA[Screen Shot Taken]]>
    </line>
    <line>
      <![CDATA[Screen Shot Taken]]>
    </line>
    <line>
      <![CDATA[Screen Shot Taken]]>
    </line>
  </reporter-output>
  <suite started-at="2020-05-17T15:53:32 EDT" name="Suite" finished-at="2020-05-17T15:58:12 EDT" duration-ms="279710">
    <groups>
    </groups>
    <test started-at="2020-05-17T15:53:32 EDT" name="Test" finished-at="2020-05-17T15:58:12 EDT" duration-ms="279710">
      <class name="com.busyqa.test.TestCases.TC02_LoginTest">
        <test-method is-config="true" signature="setUp(java.lang.String, java.lang.String)[pri:0, instance:com.busyqa.test.TestCases.TC02_LoginTest@563f38c4]" started-at="2020-05-17T15:53:53 EDT" name="setUp" finished-at="2020-05-17T15:54:08 EDT" duration-ms="14129" status="PASS">
          <params>
            <param index="0">
              <value>
                <![CDATA[qa]]>
              </value>
            </param>
            <param index="1">
              <value>
                <![CDATA[chrome]]>
              </value>
            </param>
          </params>
          <reporter-output>
          </reporter-output>
        </test-method> <!-- setUp -->
        <test-method signature="loginTest02()[pri:0, instance:com.busyqa.test.TestCases.TC02_LoginTest@563f38c4]" started-at="2020-05-17T15:56:34 EDT" name="loginTest02" finished-at="2020-05-17T15:57:49 EDT" duration-ms="74819" status="PASS">
          <reporter-output>
            <line>
              <![CDATA[Screen Shot Taken]]>
            </line>
          </reporter-output>
        </test-method> <!-- loginTest02 -->
        <test-method is-config="true" signature="endTest()[pri:0, instance:com.busyqa.test.TestCases.TC02_LoginTest@563f38c4]" started-at="2020-05-17T15:57:58 EDT" name="endTest" finished-at="2020-05-17T15:58:03 EDT" duration-ms="4576" status="PASS">
          <reporter-output>
          </reporter-output>
        </test-method> <!-- endTest -->
      </class> <!-- com.busyqa.test.TestCases.TC02_LoginTest -->
      <class name="com.busyqa.test.TestCases.TC01_LoginTest">
        <test-method is-config="true" signature="setUp(java.lang.String, java.lang.String)[pri:0, instance:com.busyqa.test.TestCases.TC01_LoginTest@3e8c3cb]" started-at="2020-05-17T15:53:32 EDT" name="setUp" finished-at="2020-05-17T15:53:53 EDT" duration-ms="21244" status="PASS">
          <params>
            <param index="0">
              <value>
                <![CDATA[qa]]>
              </value>
            </param>
            <param index="1">
              <value>
                <![CDATA[chrome]]>
              </value>
            </param>
          </params>
          <reporter-output>
          </reporter-output>
        </test-method> <!-- setUp -->
        <test-method signature="loginTest01()[pri:0, instance:com.busyqa.test.TestCases.TC01_LoginTest@3e8c3cb]" started-at="2020-05-17T15:54:38 EDT" name="loginTest01" finished-at="2020-05-17T15:56:34 EDT" duration-ms="116239" status="PASS">
          <reporter-output>
            <line>
              <![CDATA[Screen Shot Taken]]>
            </line>
          </reporter-output>
        </test-method> <!-- loginTest01 -->
        <test-method is-config="true" signature="endTest()[pri:0, instance:com.busyqa.test.TestCases.TC01_LoginTest@3e8c3cb]" started-at="2020-05-17T15:57:53 EDT" name="endTest" finished-at="2020-05-17T15:57:58 EDT" duration-ms="4980" status="PASS">
          <reporter-output>
          </reporter-output>
        </test-method> <!-- endTest -->
      </class> <!-- com.busyqa.test.TestCases.TC01_LoginTest -->
      <class name="com.busyqa.test.TestCases.TC04_LoginTest">
        <test-method is-config="true" signature="setUp(java.lang.String, java.lang.String)[pri:0, instance:com.busyqa.test.TestCases.TC04_LoginTest@54422e18]" started-at="2020-05-17T15:54:21 EDT" name="setUp" finished-at="2020-05-17T15:54:38 EDT" duration-ms="16707" status="PASS">
          <params>
            <param index="0">
              <value>
                <![CDATA[qa]]>
              </value>
            </param>
            <param index="1">
              <value>
                <![CDATA[chrome]]>
              </value>
            </param>
          </params>
          <reporter-output>
          </reporter-output>
        </test-method> <!-- setUp -->
        <test-method signature="loginTest04()[pri:0, instance:com.busyqa.test.TestCases.TC04_LoginTest@54422e18]" started-at="2020-05-17T15:57:53 EDT" name="loginTest04" finished-at="2020-05-17T15:57:53 EDT" duration-ms="360" status="FAIL">
          <exception class="java.lang.NullPointerException">
            <full-stacktrace>
              <![CDATA[java.lang.NullPointerException
at com.busyqa.test.excelReader.ExcelReader.getCellData(ExcelReader.java:49)
at com.busyqa.test.TestCases.TC04_LoginTest.loginTest04(TC04_LoginTest.java:53)
at java.base/jdk.internal.reflect.NativeMethodAccessorImpl.invoke0(Native Method)
at java.base/jdk.internal.reflect.NativeMethodAccessorImpl.invoke(NativeMethodAccessorImpl.java:62)
at java.base/jdk.internal.reflect.DelegatingMethodAccessorImpl.invoke(DelegatingMethodAccessorImpl.java:43)
at java.base/java.lang.reflect.Method.invoke(Method.java:566)
at org.testng.internal.MethodInvocationHelper.invokeMethod(MethodInvocationHelper.java:135)
at org.testng.internal.TestInvoker.invokeMethod(TestInvoker.java:598)
at org.testng.internal.TestInvoker.invokeTestMethod(TestInvoker.java:174)
at org.testng.internal.MethodRunner.runInSequence(MethodRunner.java:46)
at org.testng.internal.TestInvoker$MethodInvocationAgent.invoke(TestInvoker.java:821)
at org.testng.internal.TestInvoker.invokeTestMethods(TestInvoker.java:147)
at org.testng.internal.TestMethodWorker.invokeTestMethods(TestMethodWorker.java:146)
at org.testng.internal.TestMethodWorker.run(TestMethodWorker.java:128)
at java.base/java.util.ArrayList.forEach(ArrayList.java:1540)
at org.testng.TestRunner.privateRun(TestRunner.java:767)
at org.testng.TestRunner.run(TestRunner.java:588)
at org.testng.SuiteRunner.runTest(SuiteRunner.java:384)
at org.testng.SuiteRunner.access$000(SuiteRunner.java:28)
at org.testng.SuiteRunner$SuiteWorker.run(SuiteRunner.java:425)
at org.testng.internal.thread.ThreadUtil.lambda$execute$0(ThreadUtil.java:68)
at java.base/java.util.concurrent.FutureTask.run(FutureTask.java:264)
at java.base/java.util.concurrent.ThreadPoolExecutor.runWorker(ThreadPoolExecutor.java:1128)
at java.base/java.util.concurrent.ThreadPoolExecutor$Worker.run(ThreadPoolExecutor.java:628)
at java.base/java.lang.Thread.run(Thread.java:834)
]]>
            </full-stacktrace>
          </exception> <!-- java.lang.NullPointerException -->
          <reporter-output>
          </reporter-output>
        </test-method> <!-- loginTest04 -->
        <test-method is-config="true" signature="endTest()[pri:0, instance:com.busyqa.test.TestCases.TC04_LoginTest@54422e18]" started-at="2020-05-17T15:58:07 EDT" name="endTest" finished-at="2020-05-17T15:58:12 EDT" duration-ms="4597" status="PASS">
          <reporter-output>
          </reporter-output>
        </test-method> <!-- endTest -->
      </class> <!-- com.busyqa.test.TestCases.TC04_LoginTest -->
      <class name="com.busyqa.test.TestCases.TC03_LoginTest">
        <test-method is-config="true" signature="setUp(java.lang.String, java.lang.String)[pri:0, instance:com.busyqa.test.TestCases.TC03_LoginTest@543295b0]" started-at="2020-05-17T15:54:08 EDT" name="setUp" finished-at="2020-05-17T15:54:21 EDT" duration-ms="13660" status="PASS">
          <params>
            <param index="0">
              <value>
                <![CDATA[qa]]>
              </value>
            </param>
            <param index="1">
              <value>
                <![CDATA[chrome]]>
              </value>
            </param>
          </params>
          <reporter-output>
          </reporter-output>
        </test-method> <!-- setUp -->
        <test-method signature="loginTest03()[pri:0, instance:com.busyqa.test.TestCases.TC03_LoginTest@543295b0]" started-at="2020-05-17T15:57:49 EDT" name="loginTest03" finished-at="2020-05-17T15:57:53 EDT" duration-ms="3604" status="PASS">
          <reporter-output>
            <line>
              <![CDATA[Screen Shot Taken]]>
            </line>
          </reporter-output>
        </test-method> <!-- loginTest03 -->
        <test-method is-config="true" signature="endTest()[pri:0, instance:com.busyqa.test.TestCases.TC03_LoginTest@543295b0]" started-at="2020-05-17T15:58:03 EDT" name="endTest" finished-at="2020-05-17T15:58:07 EDT" duration-ms="4574" status="PASS">
          <reporter-output>
          </reporter-output>
        </test-method> <!-- endTest -->
      </class> <!-- com.busyqa.test.TestCases.TC03_LoginTest -->
    </test> <!-- Test -->
  </suite> <!-- Suite -->
</testng-results>
